<?xml version="1.0" encoding="UTF-8"?>
<!-- Generated by org.testng.reporters.JUnitReportReporter -->
<testsuite skipped="0" hostname="P3ALAP-G01FU19" name="mavenprj.mavendemo" tests="1" failures="0" timestamp="27 Mar 2019 09:42:16 GMT" time="41.766" errors="0">
  <testcase name="getDemoWebShopURL" time="41.766" classname="mavenprj.mavendemo"/>
</testsuite> <!-- mavenprj.mavendemo -->
