<?xml version="1.0" encoding="UTF-8"?>
<!-- Generated by org.testng.reporters.JUnitReportReporter -->
<testsuite skipped="0" hostname="P3ALAP-G01FU19" name="mavenprj.NewTest" tests="1" failures="0" timestamp="27 Mar 2019 08:27:38 GMT" time="20.722" errors="0">
  <testcase name="f" time="20.722" classname="mavenprj.NewTest"/>
</testsuite> <!-- mavenprj.NewTest -->
